Flutter crash report; please file at https://github.com/flutter/flutter/issues.

## command

flutter packages get

## exception

YamlException: Error on line 6, column 3: Expected a key while parsing a block mapping.
  http: ^0.12.0
  ^

```
#0      Parser._parseBlockMappingKey (package:yaml/src/parser.dart:448:5)
#1      Parser._stateMachine (package:yaml/src/parser.dart:86:16)
#2      Parser.parse (package:yaml/src/parser.dart:47:19)
#3      Loader._loadMapping (package:yaml/src/loader.dart:171:23)
#4      Loader._loadNode (package:yaml/src/loader.dart:86:16)
#5      Loader._loadDocument (package:yaml/src/loader.dart:62:20)
#6      Loader.load (package:yaml/src/loader.dart:54:20)
#7      loadYamlDocument (package:yaml/yaml.dart:51:25)
#8      loadYamlNode (package:yaml/yaml.dart:42:5)
#9      loadYaml (package:yaml/yaml.dart:34:5)
#10     FlutterManifest.createFromString (package:flutter_tools/src/flutter_manifest.dart:42:28)
<asynchronous suspension>
#11     FlutterManifest.createFromPath (package:flutter_tools/src/flutter_manifest.dart:36:12)
<asynchronous suspension>
#12     FlutterProject._readManifest (package:flutter_tools/src/project.dart:128:60)
<asynchronous suspension>
#13     FlutterProject.fromDirectory (package:flutter_tools/src/project.dart:42:44)
<asynchronous suspension>
#14     FlutterProject.fromPath (package:flutter_tools/src/project.dart:57:58)
#15     PackagesGetCommand.runCommand (package:flutter_tools/src/commands/packages.dart:83:61)
<asynchronous suspension>
#16     FlutterCommand.verifyThenRunCommand (package:flutter_tools/src/runner/flutter_command.dart:400:18)
#17     _asyncThenWrapperHelper.<anonymous closure> (dart:async/runtime/libasync_patch.dart:77:64)
#18     _rootRunUnary (dart:async/zone.dart:1132:38)
#19     _CustomZone.runUnary (dart:async/zone.dart:1029:19)
#20     _FutureListener.handleValue (dart:async/future_impl.dart:129:18)
#21     Future._propagateToListeners.handleValueCallback (dart:async/future_impl.dart:642:45)
#22     Future._propagateToListeners (dart:async/future_impl.dart:671:32)
#23     Future._complete (dart:async/future_impl.dart:476:7)
#24     _SyncCompleter.complete (dart:async/future_impl.dart:51:12)
#25     _AsyncAwaitCompleter.complete.<anonymous closure> (dart:async/runtime/libasync_patch.dart:33:20)
#26     _rootRun (dart:async/zone.dart:1124:13)
#27     _CustomZone.run (dart:async/zone.dart:1021:19)
#28     _CustomZone.bindCallback.<anonymous closure> (dart:async/zone.dart:947:23)
#29     _microtaskLoop (dart:async/schedule_microtask.dart:41:21)
#30     _startMicrotaskLoop (dart:async/schedule_microtask.dart:50:5)
#31     _runPendingImmediateCallback (dart:isolate/runtime/libisolate_patch.dart:115:13)
#32     _RawReceivePortImpl._handleMessage (dart:isolate/runtime/libisolate_patch.dart:172:5)
```

## flutter doctor

```
[✓] Flutter (Channel beta, v0.11.3, on Mac OS X 10.13.5 17F77, locale en-ZA)
    • Flutter version 0.11.3 at /Users/mobileappsdev/development/flutter
    • Framework revision 72bf075e8d (4 weeks ago), 2018-11-09 20:36:17 -0800
    • Engine revision 5646e86a6f
    • Dart version 2.1.0 (build 2.1.0-dev.9.3 9c07fb64c4)

[!] Android toolchain - develop for Android devices (Android SDK 28.0.3)
    • Android SDK at /Users/mobileappsdev/Library/Android/sdk
    • Android NDK at /Users/mobileappsdev/Library/Android/sdk/ndk-bundle
    • Platform android-28, build-tools 28.0.3
    • Java binary at: /Applications/Android Studio.app/Contents/jre/jdk/Contents/Home/bin/java
    • Java version OpenJDK Runtime Environment (build 1.8.0_152-release-1024-b01)
    ✗ Android license status unknown.

[✓] iOS toolchain - develop for iOS devices (Xcode 9.3)
    • Xcode at /Applications/Xcode.app/Contents/Developer
    • Xcode 9.3, Build version 9E145
    • ios-deploy 1.9.2
    • CocoaPods version 1.5.0

[✓] Android Studio (version 3.1)
    • Android Studio at /Applications/Android Studio.app/Contents
    • Flutter plugin version 26.0.1
    • Dart plugin version 173.4700
    • Java version OpenJDK Runtime Environment (build 1.8.0_152-release-1024-b01)

[✓] VS Code (version 1.29.1)
    • VS Code at /Applications/Visual Studio Code.app/Contents
    • Flutter extension version 2.21.0

[✓] Connected device (1 available)
    • iPhone 6 • FAE9532A-5E12-4843-802D-965123A72E9A • ios • iOS 11.3 (simulator)

! Doctor found issues in 1 category.
```
